Info: Starting: Create block symbol file (.bsf)
Info: qsys-generate "C:\Users\abelm\OneDrive\Desktop\Adv Comp Arc\helping\CompArcMem\MemorySystem\transfer_quatus\soc_system.qsys" --block-symbol-file --output-directory="C:\Users\abelm\OneDrive\Desktop\Adv Comp Arc\helping\CompArcMem\MemorySystem\transfer_quatus\soc_system" --family="Cyclone V" --part=5CSEBA6U23I7
Progress: Loading transfer_quatus/soc_system.qsys
Progress: Reading input file
Progress: Adding clk_0 [clock_source 25.1]
Progress: Parameterizing module clk_0
Progress: Adding fpga_mem_bridge [altera_avalon_mm_bridge 25.1]
Progress: Parameterizing module fpga_mem_bridge
Progress: Adding hps_0 [altera_hps 25.1]
Progress: Parameterizing module hps_0
Progress: Adding mm_bridge_0 [altera_avalon_mm_bridge 25.1]
Progress: Parameterizing module mm_bridge_0
Progress: Adding pio128_out_0 [pio128_out 1.0]
Progress: Parameterizing module pio128_out_0
Progress: Adding pio64_in_0 [pio64_in 1.0]
Progress: Parameterizing module pio64_in_0
Progress: Adding pio64_out_0 [pio64_out 1.0]
Progress: Parameterizing module pio64_out_0
Progress: Adding pio64_out_1 [pio64_out 1.0]
Progress: Parameterizing module pio64_out_1
Progress: Building connections
Progress: Parameterizing connections
Progress: Validating
Progress: Done reading input file
Info: soc_system.hps_0: HPS Main PLL counter settings: n = 0  m = 63
Info: soc_system.hps_0: HPS peripherial PLL counter settings: n = 0  m = 39
Warning: soc_system.hps_0: HPS model no longer supports simulation for HPS FPGA Bridges.
Warning: soc_system.hps_0: set_interface_assignment: Interface "hps_io" does not exist
Warning: soc_system.pio128_out_0: pio128_out_0.avalon_slave_0 must be connected to an Avalon-MM master
Info: qsys-generate succeeded.
Info: Finished: Create block symbol file (.bsf)
Info: 
Info: Starting: Create HDL design files for synthesis
Info: qsys-generate "C:\Users\abelm\OneDrive\Desktop\Adv Comp Arc\helping\CompArcMem\MemorySystem\transfer_quatus\soc_system.qsys" --synthesis=VERILOG --output-directory="C:\Users\abelm\OneDrive\Desktop\Adv Comp Arc\helping\CompArcMem\MemorySystem\transfer_quatus\soc_system\synthesis" --family="Cyclone V" --part=5CSEBA6U23I7
Progress: Loading transfer_quatus/soc_system.qsys
Progress: Reading input file
Progress: Adding clk_0 [clock_source 25.1]
Progress: Parameterizing module clk_0
Progress: Adding fpga_mem_bridge [altera_avalon_mm_bridge 25.1]
Progress: Parameterizing module fpga_mem_bridge
Progress: Adding hps_0 [altera_hps 25.1]
Progress: Parameterizing module hps_0
Progress: Adding mm_bridge_0 [altera_avalon_mm_bridge 25.1]
Progress: Parameterizing module mm_bridge_0
Progress: Adding pio128_out_0 [pio128_out 1.0]
Progress: Parameterizing module pio128_out_0
Progress: Adding pio64_in_0 [pio64_in 1.0]
Progress: Parameterizing module pio64_in_0
Progress: Adding pio64_out_0 [pio64_out 1.0]
Progress: Parameterizing module pio64_out_0
Progress: Adding pio64_out_1 [pio64_out 1.0]
Progress: Parameterizing module pio64_out_1
Progress: Building connections
Progress: Parameterizing connections
Progress: Validating
Progress: Done reading input file
Info: soc_system.hps_0: HPS Main PLL counter settings: n = 0  m = 63
Info: soc_system.hps_0: HPS peripherial PLL counter settings: n = 0  m = 39
Warning: soc_system.hps_0: HPS model no longer supports simulation for HPS FPGA Bridges.
Warning: soc_system.hps_0: set_interface_assignment: Interface "hps_io" does not exist
Warning: soc_system.pio128_out_0: pio128_out_0.avalon_slave_0 must be connected to an Avalon-MM master
Info: soc_system: Generating "soc_system" for QUARTUS_SYNTH
Info: Interconnect is inserted between master hps_0.h2f_axi_master and slave mm_bridge_0.s0 because the master is of type axi and the slave is of type avalon.
Info: Interconnect is inserted between master fpga_mem_bridge.m0 and slave hps_0.f2h_axi_slave because the master is of type avalon and the slave is of type axi.
Warning: hps_0.f2h_irq0: Cannot connect clock for irq_mapper.sender
Warning: hps_0.f2h_irq0: Cannot connect reset for irq_mapper.sender
Warning: hps_0.f2h_irq1: Cannot connect clock for irq_mapper_001.sender
Warning: hps_0.f2h_irq1: Cannot connect reset for irq_mapper_001.sender
Info: fpga_mem_bridge: "soc_system" instantiated altera_avalon_mm_bridge "fpga_mem_bridge"
Info: hps_0: "Running  for module: hps_0"
Info: hps_0: HPS Main PLL counter settings: n = 0  m = 63
Info: hps_0: HPS peripherial PLL counter settings: n = 0  m = 39
Warning: hps_0: HPS model no longer supports simulation for HPS FPGA Bridges.
Warning: hps_0: set_interface_assignment: Interface "hps_io" does not exist
Info: hps_0: "soc_system" instantiated altera_hps "hps_0"
Info: pio128_out_0: "soc_system" instantiated pio128_out "pio128_out_0"
Info: pio64_in_0: "soc_system" instantiated pio64_in "pio64_in_0"
Info: pio64_out_0: "soc_system" instantiated pio64_out "pio64_out_0"
Info: avalon_st_adapter: Inserting error_adapter: error_adapter_0
Info: mm_interconnect_0: "soc_system" instantiated altera_mm_interconnect "mm_interconnect_0"
Info: mm_interconnect_1: "soc_system" instantiated altera_mm_interconnect "mm_interconnect_1"
Info: avalon_st_adapter: Inserting error_adapter: error_adapter_0
Info: avalon_st_adapter_001: Inserting error_adapter: error_adapter_0
Info: avalon_st_adapter_002: Inserting error_adapter: error_adapter_0
Info: avalon_st_adapter_003: Inserting error_adapter: error_adapter_0
Info: mm_interconnect_2: "soc_system" instantiated altera_mm_interconnect "mm_interconnect_2"
Info: irq_mapper: "soc_system" instantiated altera_irq_mapper "irq_mapper"
Info: rst_controller: "soc_system" instantiated altera_reset_controller "rst_controller"
Info: fpga_interfaces: "hps_0" instantiated altera_interface_generator "fpga_interfaces"
Info: hps_io: "hps_0" instantiated altera_hps_io "hps_io"
Info: mm_bridge_0_s0_translator: "mm_interconnect_0" instantiated altera_merlin_slave_translator "mm_bridge_0_s0_translator"
Info: hps_0_h2f_axi_master_agent: "mm_interconnect_0" instantiated altera_merlin_axi_master_ni "hps_0_h2f_axi_master_agent"
Info: mm_bridge_0_s0_agent: "mm_interconnect_0" instantiated altera_merlin_slave_agent "mm_bridge_0_s0_agent"
Info: mm_bridge_0_s0_agent_rsp_fifo: "mm_interconnect_0" instantiated altera_avalon_sc_fifo "mm_bridge_0_s0_agent_rsp_fifo"
Info: router: "mm_interconnect_0" instantiated altera_merlin_router "router"
Info: router_002: "mm_interconnect_0" instantiated altera_merlin_router "router_002"
Info: mm_bridge_0_s0_burst_adapter: "mm_interconnect_0" instantiated altera_merlin_burst_adapter "mm_bridge_0_s0_burst_adapter"
Info: Reusing file C:/Users/abelm/OneDrive/Desktop/Adv Comp Arc/helping/CompArcMem/MemorySystem/transfer_quatus/soc_system/synthesis/submodules/altera_merlin_address_alignment.sv
Info: cmd_demux: "mm_interconnect_0" instantiated altera_merlin_demultiplexer "cmd_demux"
Info: cmd_mux: "mm_interconnect_0" instantiated altera_merlin_multiplexer "cmd_mux"
Info: rsp_demux: "mm_interconnect_0" instantiated altera_merlin_demultiplexer "rsp_demux"
Info: rsp_mux: "mm_interconnect_0" instantiated altera_merlin_multiplexer "rsp_mux"
Info: Reusing file C:/Users/abelm/OneDrive/Desktop/Adv Comp Arc/helping/CompArcMem/MemorySystem/transfer_quatus/soc_system/synthesis/submodules/altera_merlin_arbitrator.sv
Info: avalon_st_adapter: "mm_interconnect_0" instantiated altera_avalon_st_adapter "avalon_st_adapter"
Info: fpga_mem_bridge_m0_translator: "mm_interconnect_1" instantiated altera_merlin_master_translator "fpga_mem_bridge_m0_translator"
Info: fpga_mem_bridge_m0_agent: "mm_interconnect_1" instantiated altera_merlin_master_agent "fpga_mem_bridge_m0_agent"
Info: hps_0_f2h_axi_slave_agent: "mm_interconnect_1" instantiated altera_merlin_axi_slave_ni "hps_0_f2h_axi_slave_agent"
Info: Reusing file C:/Users/abelm/OneDrive/Desktop/Adv Comp Arc/helping/CompArcMem/MemorySystem/transfer_quatus/soc_system/synthesis/submodules/altera_merlin_burst_uncompressor.sv
Info: Reusing file C:/Users/abelm/OneDrive/Desktop/Adv Comp Arc/helping/CompArcMem/MemorySystem/transfer_quatus/soc_system/synthesis/submodules/altera_avalon_sc_fifo.v
Info: Reusing file C:/Users/abelm/OneDrive/Desktop/Adv Comp Arc/helping/CompArcMem/MemorySystem/transfer_quatus/soc_system/synthesis/submodules/altera_merlin_address_alignment.sv
Info: router: "mm_interconnect_1" instantiated altera_merlin_router "router"
Info: router_001: "mm_interconnect_1" instantiated altera_merlin_router "router_001"
Info: fpga_mem_bridge_m0_limiter: "mm_interconnect_1" instantiated altera_merlin_traffic_limiter "fpga_mem_bridge_m0_limiter"
Info: Reusing file C:/Users/abelm/OneDrive/Desktop/Adv Comp Arc/helping/CompArcMem/MemorySystem/transfer_quatus/soc_system/synthesis/submodules/altera_avalon_sc_fifo.v
Info: Reusing file C:/Users/abelm/OneDrive/Desktop/Adv Comp Arc/helping/CompArcMem/MemorySystem/transfer_quatus/soc_system/synthesis/submodules/altera_avalon_st_pipeline_base.v
Info: cmd_demux: "mm_interconnect_1" instantiated altera_merlin_demultiplexer "cmd_demux"
Info: cmd_mux: "mm_interconnect_1" instantiated altera_merlin_multiplexer "cmd_mux"
Info: Reusing file C:/Users/abelm/OneDrive/Desktop/Adv Comp Arc/helping/CompArcMem/MemorySystem/transfer_quatus/soc_system/synthesis/submodules/altera_merlin_arbitrator.sv
Info: rsp_demux: "mm_interconnect_1" instantiated altera_merlin_demultiplexer "rsp_demux"
Info: rsp_mux: "mm_interconnect_1" instantiated altera_merlin_multiplexer "rsp_mux"
Info: Reusing file C:/Users/abelm/OneDrive/Desktop/Adv Comp Arc/helping/CompArcMem/MemorySystem/transfer_quatus/soc_system/synthesis/submodules/altera_merlin_arbitrator.sv
Info: router: "mm_interconnect_2" instantiated altera_merlin_router "router"
Info: router_001: "mm_interconnect_2" instantiated altera_merlin_router "router_001"
Info: router_004: "mm_interconnect_2" instantiated altera_merlin_router "router_004"
Info: cmd_demux: "mm_interconnect_2" instantiated altera_merlin_demultiplexer "cmd_demux"
Info: cmd_mux: "mm_interconnect_2" instantiated altera_merlin_multiplexer "cmd_mux"
Info: Reusing file C:/Users/abelm/OneDrive/Desktop/Adv Comp Arc/helping/CompArcMem/MemorySystem/transfer_quatus/soc_system/synthesis/submodules/altera_merlin_arbitrator.sv
Info: rsp_demux: "mm_interconnect_2" instantiated altera_merlin_demultiplexer "rsp_demux"
Info: rsp_mux: "mm_interconnect_2" instantiated altera_merlin_multiplexer "rsp_mux"
Info: Reusing file C:/Users/abelm/OneDrive/Desktop/Adv Comp Arc/helping/CompArcMem/MemorySystem/transfer_quatus/soc_system/synthesis/submodules/altera_merlin_arbitrator.sv
Info: pio128_out_0_s0_cmd_width_adapter: "mm_interconnect_2" instantiated altera_merlin_width_adapter "pio128_out_0_s0_cmd_width_adapter"
Info: Reusing file C:/Users/abelm/OneDrive/Desktop/Adv Comp Arc/helping/CompArcMem/MemorySystem/transfer_quatus/soc_system/synthesis/submodules/altera_merlin_address_alignment.sv
Info: Reusing file C:/Users/abelm/OneDrive/Desktop/Adv Comp Arc/helping/CompArcMem/MemorySystem/transfer_quatus/soc_system/synthesis/submodules/altera_merlin_burst_uncompressor.sv
Info: avalon_st_adapter_003: "mm_interconnect_2" instantiated altera_avalon_st_adapter "avalon_st_adapter_003"
Info: border: "hps_io" instantiated altera_interface_generator "border"
Info: error_adapter_0: "avalon_st_adapter" instantiated error_adapter "error_adapter_0"
Info: error_adapter_0: "avalon_st_adapter_003" instantiated error_adapter "error_adapter_0"
Info: soc_system: Done "soc_system" with 47 modules, 104 files
Info: qsys-generate succeeded.
Info: Finished: Create HDL design files for synthesis
